7.4679 	WARNING 	User requested fullscreen with size [1440  900], but screen is actually [1366, 768]. Using actual size
9.3655 	EXP 	Created window1 = Window(allowGUI=True, allowStencil=True, autoLog=True, backendConf=UNKNOWN, backgroundFit=<method-wrapper '__getattribute__' of attributeSetter object at 0x000001F79F709D30>, backgroundImage=<method-wrapper '__getattribute__' of attributeSetter object at 0x000001F79F709CD0>, bitsMode=UNKNOWN, blendMode='avg', bpc=(8, 8, 8), color=array([-1, -1, -1]), colorSpace='rgb', depthBits=8, fullscr=<method-wrapper '__getattribute__' of attributeSetter object at 0x000001F79F709AF0>, gamma=None, gammaErrorPolicy='raise', lms=UNKNOWN, monitor=<psychopy.monitors.calibTools.Monitor object at 0x000001F79FC25CD0>, multiSample=False, name='window1', numSamples=2, pos=(0, 0), screen=0, size=array([1366,  768]), stencilBits=8, stereo=False, title='PsychoPy', units='height', useFBO=True, useRetina=False, viewOri=0.0, viewPos=None, viewScale=None, waitBlanking=True, winType='pyglet')
9.3657 	EXP 	window1: mouseVisible = True
9.3657 	EXP 	window1: backgroundImage = ''
9.3657 	EXP 	window1: backgroundFit = 'none'
9.3689 	EXP 	window1: Attempting to measure frame rate of screen (0) ...
9.3690 	EXP 	window1: recordFrameIntervals = False
9.5316 	EXP 	window1: recordFrameIntervals = True
9.7151 	EXP 	Screen (0) actual frame rate measured at 59.96Hz
9.7151 	EXP 	window1: recordFrameIntervals = False
9.7152 	EXP 	window1: mouseVisible = False
12.7543 	EXP 	glasgow_face_matching: status = STARTED
12.7546 	EXP 	window1: mouseVisible = True
12.8685 	EXP 	Created background = ImageStim(__class__=<class 'psychopy.visual.image.ImageStim'>, anchor=('center', 'center'), autoLog=True, color=array([1., 1., 1.]), colorSpace='rgb', contrast=1.0, depth=0.0, draggable=False, flipHoriz=False, flipVert=False, image='background.jpg', interpolate=True, mask=None, maskParams=None, name='background', opacity=1.0, ori=0.0, pos=array([0., 0.]), size=array([1.55, 1.  ]), texRes=128.0, units='height', win=Window(...))
12.8694 	EXP 	window1: mouseVisible = True
12.8696 	EXP 	window1: mouseVisible = True
12.8702 	EXP 	window1: mouseVisible = True
12.8707 	EXP 	window1: mouseVisible = True
12.9796 	EXP 	window1: mouseVisible = True
12.9797 	EXP 	window1: mouseVisible = True
12.9802 	EXP 	window1: mouseVisible = True
12.9807 	EXP 	window1: mouseVisible = True
13.0001 	EXP 	window1: mouseVisible = True
13.1055 	EXP 	Created background_2 = ImageStim(__class__=<class 'psychopy.visual.image.ImageStim'>, anchor=('center', 'center'), autoLog=True, color=array([1., 1., 1.]), colorSpace='rgb', contrast=1.0, depth=0.0, draggable=False, flipHoriz=False, flipVert=False, image='background.jpg', interpolate=True, mask=None, maskParams=None, name='background_2', opacity=1.0, ori=0.0, pos=array([0., 0.]), size=array([1.55, 1.  ]), texRes=128.0, units='height', win=Window(...))
13.1056 	EXP 	window1: mouseVisible = True
13.1240 	EXP 	Created faces = ImageStim(__class__=<class 'psychopy.visual.image.ImageStim'>, anchor=('center', 'center'), autoLog=True, color=array([1., 1., 1.]), colorSpace='rgb', contrast=1.0, depth=-1.0, draggable=False, flipHoriz=False, flipVert=False, image='default.png', interpolate=True, mask=None, maskParams=None, name='faces', opacity=1.0, ori=0.0, pos=array([0., 0.]), size=array([1.1, 0.8]), texRes=128, units='height', win=Window(...))
13.1243 	EXP 	window1: mouseVisible = True
13.1244 	EXP 	window1: mouseVisible = True
13.1250 	EXP 	window1: mouseVisible = True
13.1255 	EXP 	window1: mouseVisible = True
13.1396 	EXP 	window1: mouseVisible = True
13.1398 	EXP 	window1: mouseVisible = True
13.1403 	EXP 	window1: mouseVisible = True
13.1407 	EXP 	window1: mouseVisible = True
13.1545 	EXP 	window1: mouseVisible = True
13.1546 	EXP 	window1: mouseVisible = True
13.1552 	EXP 	window1: mouseVisible = True
13.1556 	EXP 	window1: mouseVisible = True
13.1919 	EXP 	window1: mouseVisible = True
13.1921 	EXP 	window1: mouseVisible = True
13.1926 	EXP 	window1: mouseVisible = True
13.1931 	EXP 	window1: mouseVisible = True
13.2068 	EXP 	window1: mouseVisible = True
13.3117 	EXP 	Created background_3 = ImageStim(__class__=<class 'psychopy.visual.image.ImageStim'>, anchor=('center', 'center'), autoLog=True, color=array([1., 1., 1.]), colorSpace='rgb', contrast=1.0, depth=0.0, draggable=False, flipHoriz=False, flipVert=False, image='background.jpg', interpolate=True, mask=None, maskParams=None, name='background_3', opacity=1.0, ori=0.0, pos=array([0., 0.]), size=array([1.55, 1.  ]), texRes=128.0, units='height', win=Window(...))
13.3120 	EXP 	window1: mouseVisible = True
13.3121 	EXP 	window1: mouseVisible = True
13.3126 	EXP 	window1: mouseVisible = True
13.3131 	EXP 	window1: mouseVisible = True
13.3273 	EXP 	window1: mouseVisible = True
13.3275 	EXP 	window1: mouseVisible = True
13.3280 	EXP 	window1: mouseVisible = True
13.3284 	EXP 	window1: mouseVisible = True
13.3425 	EXP 	window1: mouseVisible = True
13.3426 	EXP 	window1: mouseVisible = True
13.3431 	EXP 	window1: mouseVisible = True
13.3436 	EXP 	window1: mouseVisible = True
13.3580 	EXP 	window1: mouseVisible = True
13.3581 	EXP 	window1: mouseVisible = True
13.3586 	EXP 	window1: mouseVisible = True
13.3590 	EXP 	window1: mouseVisible = True
13.3724 	EXP 	window1: mouseVisible = True
13.3726 	EXP 	window1: mouseVisible = True
13.3731 	EXP 	window1: mouseVisible = True
13.3736 	EXP 	window1: mouseVisible = True
13.3871 	EXP 	window1: mouseVisible = True
13.3872 	EXP 	window1: mouseVisible = True
13.3877 	EXP 	window1: mouseVisible = True
13.3882 	EXP 	window1: mouseVisible = True
13.4017 	EXP 	window1: mouseVisible = True
13.5067 	EXP 	Created background_4 = ImageStim(__class__=<class 'psychopy.visual.image.ImageStim'>, anchor=('center', 'center'), autoLog=True, color=array([1., 1., 1.]), colorSpace='rgb', contrast=1.0, depth=0.0, draggable=False, flipHoriz=False, flipVert=False, image='background.jpg', interpolate=True, mask=None, maskParams=None, name='background_4', opacity=1.0, ori=0.0, pos=array([0., 0.]), size=array([1.55, 1.  ]), texRes=128.0, units='height', win=Window(...))
13.5070 	EXP 	window1: mouseVisible = True
13.5072 	EXP 	window1: mouseVisible = True
13.5077 	EXP 	window1: mouseVisible = True
13.5082 	EXP 	window1: mouseVisible = True
13.5222 	EXP 	window1: mouseVisible = True
13.5224 	EXP 	window1: mouseVisible = True
13.5229 	EXP 	window1: mouseVisible = True
13.5233 	EXP 	window1: mouseVisible = True
0.0139 	EXP 	instructionstxt: autoLog = True
0.0139 	EXP 	trial_counter: autoLog = True
0.0139 	EXP 	reminder: autoLog = True
0.0139 	EXP 	textbox: autoLog = True
0.0139 	EXP 	reminder_2: autoLog = True
0.0139 	EXP 	trial_counter_2: autoLog = True
0.0139 	EXP 	endmsg: autoLog = True
0.0592 	EXP 	background: autoDraw = True
0.0592 	EXP 	instructionstxt: autoDraw = True
2.3250 	EXP 	Imported conditions_short.xlsx as conditions, 12 conditions, 3 params
2.3255 	EXP 	Created sequence: random, trialTypes=12, nReps=1, seed=None
2.3257 	EXP 	New trial (rep=0, index=0): {'imageFile': 'same/170_DV_C2.jpg', 'corrAns': 'left', 'sameOrDiff': 'same'}
2.3774 	EXP 	background: autoDraw = False
2.3774 	EXP 	instructionstxt: autoDraw = False
2.3774 	EXP 	faces: image = 'same/170_DV_C2.jpg'
2.3774 	EXP 	background_2: autoDraw = True
2.3774 	EXP 	faces: autoDraw = True
2.3774 	EXP 	trial_counter: autoDraw = True
2.3774 	EXP 	reminder: autoDraw = True
5.0687 	EXP 	background_2: autoDraw = False
5.0687 	EXP 	faces: autoDraw = False
5.0687 	EXP 	trial_counter: autoDraw = False
5.0687 	EXP 	reminder: autoDraw = False
5.0687 	EXP 	textbox: foreColor = <psychopy.colors.Color: green, alpha=1.0>
5.0687 	EXP 	background_3: autoDraw = True
5.0687 	EXP 	textbox: autoDraw = True
5.0687 	EXP 	reminder_2: autoDraw = True
5.0687 	EXP 	trial_counter_2: autoDraw = True
6.0629 	EXP 	New trial (rep=0, index=1): {'imageFile': 'different/049_218_L.jpg', 'corrAns': 'right', 'sameOrDiff': 'different'}
6.0849 	EXP 	background_3: autoDraw = False
6.0849 	EXP 	textbox: autoDraw = False
6.0849 	EXP 	reminder_2: autoDraw = False
6.0849 	EXP 	trial_counter_2: autoDraw = False
6.0849 	EXP 	faces: image = 'different/049_218_L.jpg'
6.0849 	EXP 	background_2: autoDraw = True
6.0849 	EXP 	faces: autoDraw = True
6.0849 	EXP 	trial_counter: autoDraw = True
6.0849 	EXP 	reminder: autoDraw = True
6.9130 	EXP 	background_2: autoDraw = False
6.9130 	EXP 	faces: autoDraw = False
6.9130 	EXP 	trial_counter: autoDraw = False
6.9130 	EXP 	reminder: autoDraw = False
6.9130 	EXP 	textbox: foreColor = <psychopy.colors.Color: green, alpha=1.0>
6.9130 	EXP 	background_3: autoDraw = True
6.9130 	EXP 	textbox: autoDraw = True
6.9130 	EXP 	reminder_2: autoDraw = True
6.9130 	EXP 	trial_counter_2: autoDraw = True
7.8970 	EXP 	New trial (rep=0, index=2): {'imageFile': 'same/235_C2_DV.jpg', 'corrAns': 'left', 'sameOrDiff': 'same'}
7.9249 	EXP 	background_3: autoDraw = False
7.9249 	EXP 	textbox: autoDraw = False
7.9249 	EXP 	reminder_2: autoDraw = False
7.9249 	EXP 	trial_counter_2: autoDraw = False
7.9249 	EXP 	background_3: autoDraw = False
7.9249 	EXP 	textbox: autoDraw = False
7.9249 	EXP 	reminder_2: autoDraw = False
7.9249 	EXP 	trial_counter_2: autoDraw = False
7.9249 	EXP 	faces: image = 'same/235_C2_DV.jpg'
7.9249 	EXP 	background_2: autoDraw = True
7.9249 	EXP 	faces: autoDraw = True
7.9249 	EXP 	trial_counter: autoDraw = True
7.9249 	EXP 	reminder: autoDraw = True
8.9983 	EXP 	background_2: autoDraw = False
8.9983 	EXP 	faces: autoDraw = False
8.9983 	EXP 	trial_counter: autoDraw = False
8.9983 	EXP 	reminder: autoDraw = False
8.9983 	EXP 	textbox: foreColor = <psychopy.colors.Color: red, alpha=1.0>
8.9983 	EXP 	background_3: autoDraw = True
8.9983 	EXP 	textbox: autoDraw = True
8.9983 	EXP 	reminder_2: autoDraw = True
8.9983 	EXP 	trial_counter_2: autoDraw = True
9.9961 	EXP 	New trial (rep=0, index=3): {'imageFile': 'different/019_074_L.jpg', 'corrAns': 'right', 'sameOrDiff': 'different'}
10.0219 	EXP 	background_3: autoDraw = False
10.0219 	EXP 	textbox: autoDraw = False
10.0219 	EXP 	reminder_2: autoDraw = False
10.0219 	EXP 	trial_counter_2: autoDraw = False
10.0219 	EXP 	faces: image = 'different/019_074_L.jpg'
10.0219 	EXP 	background_2: autoDraw = True
10.0219 	EXP 	faces: autoDraw = True
10.0219 	EXP 	trial_counter: autoDraw = True
10.0219 	EXP 	reminder: autoDraw = True
10.8126 	EXP 	background_2: autoDraw = False
10.8126 	EXP 	faces: autoDraw = False
10.8126 	EXP 	trial_counter: autoDraw = False
10.8126 	EXP 	reminder: autoDraw = False
10.8126 	EXP 	textbox: foreColor = <psychopy.colors.Color: green, alpha=1.0>
10.8126 	EXP 	background_3: autoDraw = True
10.8126 	EXP 	textbox: autoDraw = True
10.8126 	EXP 	reminder_2: autoDraw = True
10.8126 	EXP 	trial_counter_2: autoDraw = True
11.7966 	EXP 	New trial (rep=0, index=4): {'imageFile': 'different/013_235_R.jpg', 'corrAns': 'right', 'sameOrDiff': 'different'}
11.8232 	EXP 	background_3: autoDraw = False
11.8232 	EXP 	textbox: autoDraw = False
11.8232 	EXP 	reminder_2: autoDraw = False
11.8232 	EXP 	trial_counter_2: autoDraw = False
11.8232 	EXP 	background_3: autoDraw = False
11.8232 	EXP 	textbox: autoDraw = False
11.8232 	EXP 	reminder_2: autoDraw = False
11.8232 	EXP 	trial_counter_2: autoDraw = False
11.8232 	EXP 	faces: image = 'different/013_235_R.jpg'
11.8232 	EXP 	background_2: autoDraw = True
11.8232 	EXP 	faces: autoDraw = True
11.8232 	EXP 	trial_counter: autoDraw = True
11.8232 	EXP 	reminder: autoDraw = True
13.6632 	EXP 	glasgow_face_matching: status = STOPPED
13.6777 	EXP 	background_2: autoDraw = False
13.6777 	EXP 	faces: autoDraw = False
13.6777 	EXP 	trial_counter: autoDraw = False
13.6777 	EXP 	reminder: autoDraw = False
13.6778 	EXP 	glasgow_face_matching: status = STOPPED
13.7750 	EXP 	window1: mouseVisible = True
